<?xml version="1.0" encoding="UTF-8"?>
<!-- Generated by org.testng.reporters.JUnitReportReporter -->
<testsuite hostname="DESKTOP-755ID5B" failures="0" tests="1" name="SampleTest" time="3.552" errors="0" timestamp="2022-11-21T15:06:12 MST" skipped="0">
  <testcase classname="SampleTest" name="Test1" time="3.552"/>
  <system-out/>
</testsuite> <!-- SampleTest -->
